<?xml version="1.0" encoding="UTF-8"?>
<testsuite name="com.objgogo.barogo.BarogoApplicationTests" tests="1" skipped="0" failures="0" errors="0" timestamp="2023-03-30T05:19:10" hostname="DESKTOP-9G4GFSV" time="0.102">
  <properties/>
  <testcase name="contextLoads()" classname="com.objgogo.barogo.BarogoApplicationTests" time="0.102"/>
  <system-out><![CDATA[14:19:08.226 [Test worker] DEBUG org.springframework.test.context.BootstrapUtils - Instantiating CacheAwareContextLoaderDelegate from class [org.springframework.test.context.cache.DefaultCacheAwareContextLoaderDelegate]
14:19:08.248 [Test worker] DEBUG org.springframework.test.context.BootstrapUtils - Instantiating BootstrapContext using constructor [public org.springframework.test.context.support.DefaultBootstrapContext(java.lang.Class,org.springframework.test.context.CacheAwareContextLoaderDelegate)]
14:19:08.259 [Test worker] DEBUG org.springframework.test.context.BootstrapUtils - Instantiating TestContextBootstrapper for test class [com.objgogo.barogo.BarogoApplicationTests] from class [org.springframework.boot.test.context.SpringBootTestContextBootstrapper]
14:19:08.279 [Test worker] INFO org.springframework.boot.test.context.SpringBootTestContextBootstrapper - Neither @ContextConfiguration nor @ContextHierarchy found for test class [com.objgogo.barogo.BarogoApplicationTests], using SpringBootContextLoader
14:19:08.282 [Test worker] DEBUG org.springframework.test.context.support.AbstractContextLoader - Did not detect default resource location for test class [com.objgogo.barogo.BarogoApplicationTests]: class path resource [com/objgogo/barogo/BarogoApplicationTests-context.xml] does not exist
14:19:08.283 [Test worker] DEBUG org.springframework.test.context.support.AbstractContextLoader - Did not detect default resource location for test class [com.objgogo.barogo.BarogoApplicationTests]: class path resource [com/objgogo/barogo/BarogoApplicationTestsContext.groovy] does not exist
14:19:08.283 [Test worker] INFO org.springframework.test.context.support.AbstractContextLoader - Could not detect default resource locations for test class [com.objgogo.barogo.BarogoApplicationTests]: no resource found for suffixes {-context.xml, Context.groovy}.
14:19:08.283 [Test worker] INFO org.springframework.test.context.support.AnnotationConfigContextLoaderUtils - Could not detect default configuration classes for test class [com.objgogo.barogo.BarogoApplicationTests]: BarogoApplicationTests does not declare any static, non-private, non-final, nested classes annotated with @Configuration.
14:19:08.316 [Test worker] DEBUG org.springframework.test.context.support.ActiveProfilesUtils - Could not find an 'annotation declaring class' for annotation type [org.springframework.test.context.ActiveProfiles] and class [com.objgogo.barogo.BarogoApplicationTests]
14:19:08.356 [Test worker] DEBUG org.springframework.context.annotation.ClassPathScanningCandidateComponentProvider - Identified candidate component class: file [C:\test\barogo\build\classes\java\main\com\objgogo\barogo\BarogoApplication.class]
14:19:08.356 [Test worker] INFO org.springframework.boot.test.context.SpringBootTestContextBootstrapper - Found @SpringBootConfiguration com.objgogo.barogo.BarogoApplication for test class com.objgogo.barogo.BarogoApplicationTests
14:19:08.426 [Test worker] DEBUG org.springframework.boot.test.context.SpringBootTestContextBootstrapper - @TestExecutionListeners is not present for class [com.objgogo.barogo.BarogoApplicationTests]: using defaults.
14:19:08.426 [Test worker] INFO org.springframework.boot.test.context.SpringBootTestContextBootstrapper - Loaded default TestExecutionListener class names from location [META-INF/spring.factories]: [org.springframework.security.test.context.support.WithSecurityContextTestExecutionListener, org.springframework.security.test.context.support.ReactorContextTestExecutionListener, org.springframework.boot.test.autoconfigure.restdocs.RestDocsTestExecutionListener, org.springframework.boot.test.autoconfigure.web.client.MockRestServiceServerResetTestExecutionListener, org.springframework.boot.test.autoconfigure.web.servlet.MockMvcPrintOnlyOnFailureTestExecutionListener, org.springframework.boot.test.autoconfigure.web.servlet.WebDriverTestExecutionListener, org.springframework.boot.test.autoconfigure.webservices.client.MockWebServiceServerTestExecutionListener, org.springframework.boot.test.mock.mockito.MockitoTestExecutionListener, org.springframework.boot.test.mock.mockito.ResetMocksTestExecutionListener, org.springframework.test.context.web.ServletTestExecutionListener, org.springframework.test.context.support.DirtiesContextBeforeModesTestExecutionListener, org.springframework.test.context.event.ApplicationEventsTestExecutionListener, org.springframework.test.context.support.DependencyInjectionTestExecutionListener, org.springframework.test.context.support.DirtiesContextTestExecutionListener, org.springframework.test.context.transaction.TransactionalTestExecutionListener, org.springframework.test.context.jdbc.SqlScriptsTestExecutionListener, org.springframework.test.context.event.EventPublishingTestExecutionListener]
14:19:08.426 [Test worker] DEBUG org.springframework.boot.test.context.SpringBootTestContextBootstrapper - Skipping candidate TestExecutionListener [org.springframework.test.context.web.ServletTestExecutionListener] due to a missing dependency. Specify custom listener classes or make the default listener classes and their required dependencies available. Offending class: [javax/servlet/ServletContext]
14:19:08.426 [Test worker] INFO org.springframework.boot.test.context.SpringBootTestContextBootstrapper - Using TestExecutionListeners: [org.springframework.test.context.support.DirtiesContextBeforeModesTestExecutionListener@1af7f54a, org.springframework.test.context.event.ApplicationEventsTestExecutionListener@6ebd78d1, org.springframework.boot.test.mock.mockito.MockitoTestExecutionListener@436390f4, org.springframework.boot.test.autoconfigure.SpringBootDependencyInjectionTestExecutionListener@4d157787, org.springframework.test.context.support.DirtiesContextTestExecutionListener@68ed96ca, org.springframework.test.context.transaction.TransactionalTestExecutionListener@6d1310f6, org.springframework.test.context.jdbc.SqlScriptsTestExecutionListener@3228d990, org.springframework.security.test.context.support.WithSecurityContextTestExecutionListener@54e7391d, org.springframework.test.context.event.EventPublishingTestExecutionListener@50b8ae8d, org.springframework.security.test.context.support.ReactorContextTestExecutionListener@255990cc, org.springframework.boot.test.autoconfigure.restdocs.RestDocsTestExecutionListener@51c929ae, org.springframework.boot.test.autoconfigure.web.client.MockRestServiceServerResetTestExecutionListener@3c8bdd5b, org.springframework.boot.test.autoconfigure.web.servlet.MockMvcPrintOnlyOnFailureTestExecutionListener@29d2d081, org.springframework.boot.test.autoconfigure.web.servlet.WebDriverTestExecutionListener@40e4ea87, org.springframework.boot.test.autoconfigure.webservices.client.MockWebServiceServerTestExecutionListener@58783f6c, org.springframework.boot.test.mock.mockito.ResetMocksTestExecutionListener@3a7b503d]
14:19:08.444 [Test worker] DEBUG org.springframework.test.context.support.AbstractDirtiesContextTestExecutionListener - Before test class: context [DefaultTestContext@24855019 testClass = BarogoApplicationTests, testInstance = [null], testMethod = [null], testException = [null], mergedContextConfiguration = [MergedContextConfiguration@3abd581e testClass = BarogoApplicationTests, locations = '{}', classes = '{class com.objgogo.barogo.BarogoApplication}', contextInitializerClasses = '[]', activeProfiles = '{}', propertySourceLocations = '{}', propertySourceProperties = '{org.springframework.boot.test.context.SpringBootTestContextBootstrapper=true}', contextCustomizers = set[org.springframework.boot.test.autoconfigure.actuate.metrics.MetricsExportContextCustomizerFactory$DisableMetricExportContextCustomizer@4504d271, org.springframework.boot.test.autoconfigure.properties.PropertyMappingContextCustomizer@0, org.springframework.boot.test.autoconfigure.web.servlet.WebDriverContextCustomizerFactory$Customizer@79145d5a, org.springframework.boot.test.context.filter.ExcludeFilterContextCustomizer@505a9d7c, org.springframework.boot.test.json.DuplicateJsonObjectContextCustomizerFactory$DuplicateJsonObjectContextCustomizer@10993713, org.springframework.boot.test.mock.mockito.MockitoContextCustomizer@0, org.springframework.boot.test.web.client.TestRestTemplateContextCustomizer@a8e6492, org.springframework.boot.test.context.SpringBootTestArgs@1, org.springframework.boot.test.context.SpringBootTestWebEnvironment@19b89d4], contextLoader = 'org.springframework.boot.test.context.SpringBootContextLoader', parent = [null]], attributes = map[[empty]]], class annotated with @DirtiesContext [false] with mode [null].
14:19:08.451 [Test worker] DEBUG org.springframework.test.context.support.DependencyInjectionTestExecutionListener - Performing dependency injection for test context [[DefaultTestContext@24855019 testClass = BarogoApplicationTests, testInstance = com.objgogo.barogo.BarogoApplicationTests@6a1ebcff, testMethod = [null], testException = [null], mergedContextConfiguration = [MergedContextConfiguration@3abd581e testClass = BarogoApplicationTests, locations = '{}', classes = '{class com.objgogo.barogo.BarogoApplication}', contextInitializerClasses = '[]', activeProfiles = '{}', propertySourceLocations = '{}', propertySourceProperties = '{org.springframework.boot.test.context.SpringBootTestContextBootstrapper=true}', contextCustomizers = set[org.springframework.boot.test.autoconfigure.actuate.metrics.MetricsExportContextCustomizerFactory$DisableMetricExportContextCustomizer@4504d271, org.springframework.boot.test.autoconfigure.properties.PropertyMappingContextCustomizer@0, org.springframework.boot.test.autoconfigure.web.servlet.WebDriverContextCustomizerFactory$Customizer@79145d5a, org.springframework.boot.test.context.filter.ExcludeFilterContextCustomizer@505a9d7c, org.springframework.boot.test.json.DuplicateJsonObjectContextCustomizerFactory$DuplicateJsonObjectContextCustomizer@10993713, org.springframework.boot.test.mock.mockito.MockitoContextCustomizer@0, org.springframework.boot.test.web.client.TestRestTemplateContextCustomizer@a8e6492, org.springframework.boot.test.context.SpringBootTestArgs@1, org.springframework.boot.test.context.SpringBootTestWebEnvironment@19b89d4], contextLoader = 'org.springframework.boot.test.context.SpringBootContextLoader', parent = [null]], attributes = map['org.springframework.test.context.event.ApplicationEventsTestExecutionListener.recordApplicationEvents' -> false]]].

  .   ____          _            __ _ _
 /\\ / ___'_ __ _ _(_)_ __  __ _ \ \ \ \
( ( )\___ | '_ | '_| | '_ \/ _` | \ \ \ \
 \\/  ___)| |_)| | | | | || (_| |  ) ) ) )
  '  |____| .__|_| |_|_| |_\__, | / / / /
 =========|_|==============|___/=/_/_/_/
 :: Spring Boot ::               (v2.7.10)

2023-03-30 14:19:08.693  INFO 8208 --- [    Test worker] c.objgogo.barogo.BarogoApplicationTests  : Starting BarogoApplicationTests using Java 11.0.18 on DESKTOP-9G4GFSV with PID 8208 (started by Oh in C:\test\barogo)
2023-03-30 14:19:08.693  INFO 8208 --- [    Test worker] c.objgogo.barogo.BarogoApplicationTests  : No active profile set, falling back to 1 default profile: "default"
2023-03-30 14:19:09.052  INFO 8208 --- [    Test worker] .s.d.r.c.RepositoryConfigurationDelegate : Bootstrapping Spring Data JPA repositories in DEFAULT mode.
2023-03-30 14:19:09.059  INFO 8208 --- [    Test worker] .s.d.r.c.RepositoryConfigurationDelegate : Finished Spring Data repository scanning in 4 ms. Found 0 JPA repository interfaces.
2023-03-30 14:19:09.393  INFO 8208 --- [    Test worker] o.hibernate.jpa.internal.util.LogHelper  : HHH000204: Processing PersistenceUnitInfo [name: default]
2023-03-30 14:19:09.426  INFO 8208 --- [    Test worker] org.hibernate.Version                    : HHH000412: Hibernate ORM core version 5.6.15.Final
2023-03-30 14:19:09.556  INFO 8208 --- [    Test worker] o.hibernate.annotations.common.Version   : HCANN000001: Hibernate Commons Annotations {5.1.2.Final}
2023-03-30 14:19:09.626  INFO 8208 --- [    Test worker] com.zaxxer.hikari.HikariDataSource       : HikariPool-1 - Starting...
2023-03-30 14:19:09.810  INFO 8208 --- [    Test worker] com.zaxxer.hikari.HikariDataSource       : HikariPool-1 - Start completed.
2023-03-30 14:19:09.826  INFO 8208 --- [    Test worker] org.hibernate.dialect.Dialect            : HHH000400: Using dialect: org.hibernate.dialect.H2Dialect
2023-03-30 14:19:10.243  INFO 8208 --- [    Test worker] o.h.e.t.j.p.i.JtaPlatformInitiator       : HHH000490: Using JtaPlatform implementation: [org.hibernate.engine.transaction.jta.platform.internal.NoJtaPlatform]
2023-03-30 14:19:10.261  INFO 8208 --- [    Test worker] j.LocalContainerEntityManagerFactoryBean : Initialized JPA EntityManagerFactory for persistence unit 'default'
2023-03-30 14:19:10.449  INFO 8208 --- [    Test worker] c.objgogo.barogo.BarogoApplicationTests  : Started BarogoApplicationTests in 1.982 seconds (JVM running for 3.082)
]]></system-out>
  <system-err><![CDATA[]]></system-err>
</testsuite>
